CRITICAL - 2020-11-29 11:37:21 --> Undefined variable: route
#0 /var/www/domains/sosballet.local/public_html/app/Config/Routes.php(42): CodeIgniter\Debug\Exceptions->errorHandler()
#1 /var/www/domains/sosballet.local/public_html/vendor/codeigniter4/framework/system/CodeIgniter.php(780): require('/var/www/domain...')
#2 /var/www/domains/sosballet.local/public_html/vendor/codeigniter4/framework/system/CodeIgniter.php(364): CodeIgniter\CodeIgniter->tryToRouteIt()
#3 /var/www/domains/sosballet.local/public_html/vendor/codeigniter4/framework/system/CodeIgniter.php(312): CodeIgniter\CodeIgniter->handleRequest()
#4 /var/www/domains/sosballet.local/public_html/public/index.php(45): CodeIgniter\CodeIgniter->run()
#5 {main}
CRITICAL - 2020-11-29 11:37:47 --> Undefined variable: route
#0 /var/www/domains/sosballet.local/public_html/app/Config/Routes.php(42): CodeIgniter\Debug\Exceptions->errorHandler()
#1 /var/www/domains/sosballet.local/public_html/vendor/codeigniter4/framework/system/CodeIgniter.php(780): require('/var/www/domain...')
#2 /var/www/domains/sosballet.local/public_html/vendor/codeigniter4/framework/system/CodeIgniter.php(364): CodeIgniter\CodeIgniter->tryToRouteIt()
#3 /var/www/domains/sosballet.local/public_html/vendor/codeigniter4/framework/system/CodeIgniter.php(312): CodeIgniter\CodeIgniter->handleRequest()
#4 /var/www/domains/sosballet.local/public_html/public/index.php(45): CodeIgniter\CodeIgniter->run()
#5 {main}
CRITICAL - 2020-11-29 11:37:54 --> Undefined variable: route
#0 /var/www/domains/sosballet.local/public_html/app/Config/Routes.php(42): CodeIgniter\Debug\Exceptions->errorHandler()
#1 /var/www/domains/sosballet.local/public_html/vendor/codeigniter4/framework/system/CodeIgniter.php(780): require('/var/www/domain...')
#2 /var/www/domains/sosballet.local/public_html/vendor/codeigniter4/framework/system/CodeIgniter.php(364): CodeIgniter\CodeIgniter->tryToRouteIt()
#3 /var/www/domains/sosballet.local/public_html/vendor/codeigniter4/framework/system/CodeIgniter.php(312): CodeIgniter\CodeIgniter->handleRequest()
#4 /var/www/domains/sosballet.local/public_html/public/index.php(45): CodeIgniter\CodeIgniter->run()
#5 {main}
CRITICAL - 2020-11-29 11:58:02 --> Too few arguments to function App\Controllers\AuthController::reset(), 0 passed in /var/www/domains/sosballet.local/public_html/vendor/codeigniter4/framework/system/CodeIgniter.php on line 918 and exactly 1 expected
#0 /var/www/domains/sosballet.local/public_html/vendor/codeigniter4/framework/system/CodeIgniter.php(918): App\Controllers\AuthController->reset()
#1 /var/www/domains/sosballet.local/public_html/vendor/codeigniter4/framework/system/CodeIgniter.php(404): CodeIgniter\CodeIgniter->runController()
#2 /var/www/domains/sosballet.local/public_html/vendor/codeigniter4/framework/system/CodeIgniter.php(312): CodeIgniter\CodeIgniter->handleRequest()
#3 /var/www/domains/sosballet.local/public_html/public/index.php(45): CodeIgniter\CodeIgniter->run()
#4 {main}
CRITICAL - 2020-11-29 11:58:26 --> Too few arguments to function App\Controllers\AuthController::reset(), 0 passed in /var/www/domains/sosballet.local/public_html/vendor/codeigniter4/framework/system/CodeIgniter.php on line 918 and exactly 1 expected
#0 /var/www/domains/sosballet.local/public_html/vendor/codeigniter4/framework/system/CodeIgniter.php(918): App\Controllers\AuthController->reset()
#1 /var/www/domains/sosballet.local/public_html/vendor/codeigniter4/framework/system/CodeIgniter.php(404): CodeIgniter\CodeIgniter->runController()
#2 /var/www/domains/sosballet.local/public_html/vendor/codeigniter4/framework/system/CodeIgniter.php(312): CodeIgniter\CodeIgniter->handleRequest()
#3 /var/www/domains/sosballet.local/public_html/public/index.php(45): CodeIgniter\CodeIgniter->run()
#4 {main}
