CRITICAL - 2020-07-24 13:39:50 --> Undefined variable: teste
#0 C:\xampp\htdocs\cilujuravita\app\Views\pagina1.php(3): CodeIgniter\Debug\Exceptions->errorHandler(8, 'Undefined varia...', 'C:\\xampp\\htdocs...', 3, Array)
#1 C:\xampp\htdocs\cilujuravita\vendor\codeigniter4\framework\system\View\View.php(246): include('C:\\xampp\\htdocs...')
#2 C:\xampp\htdocs\cilujuravita\vendor\codeigniter4\framework\system\Common.php(1119): CodeIgniter\View\View->render('pagina1.php', Array, true)
#3 C:\xampp\htdocs\cilujuravita\app\Controllers\Main.php(10): view('pagina1.php')
#4 C:\xampp\htdocs\cilujuravita\vendor\codeigniter4\framework\system\CodeIgniter.php(918): App\Controllers\Main->index()
#5 C:\xampp\htdocs\cilujuravita\vendor\codeigniter4\framework\system\CodeIgniter.php(404): CodeIgniter\CodeIgniter->runController(Object(App\Controllers\Main))
#6 C:\xampp\htdocs\cilujuravita\vendor\codeigniter4\framework\system\CodeIgniter.php(312): CodeIgniter\CodeIgniter->handleRequest(NULL, Object(Config\Cache), false)
#7 C:\xampp\htdocs\cilujuravita\public\index.php(45): CodeIgniter\CodeIgniter->run()
#8 {main}
CRITICAL - 2020-07-24 13:39:57 --> Undefined variable: teste
#0 C:\xampp\htdocs\cilujuravita\app\Views\pagina1.php(3): CodeIgniter\Debug\Exceptions->errorHandler(8, 'Undefined varia...', 'C:\\xampp\\htdocs...', 3, Array)
#1 C:\xampp\htdocs\cilujuravita\vendor\codeigniter4\framework\system\View\View.php(246): include('C:\\xampp\\htdocs...')
#2 C:\xampp\htdocs\cilujuravita\vendor\codeigniter4\framework\system\Common.php(1119): CodeIgniter\View\View->render('pagina1.php', Array, true)
#3 C:\xampp\htdocs\cilujuravita\app\Controllers\Main.php(10): view('pagina1.php')
#4 C:\xampp\htdocs\cilujuravita\vendor\codeigniter4\framework\system\CodeIgniter.php(918): App\Controllers\Main->index()
#5 C:\xampp\htdocs\cilujuravita\vendor\codeigniter4\framework\system\CodeIgniter.php(404): CodeIgniter\CodeIgniter->runController(Object(App\Controllers\Main))
#6 C:\xampp\htdocs\cilujuravita\vendor\codeigniter4\framework\system\CodeIgniter.php(312): CodeIgniter\CodeIgniter->handleRequest(NULL, Object(Config\Cache), false)
#7 C:\xampp\htdocs\cilujuravita\public\index.php(45): CodeIgniter\CodeIgniter->run()
#8 {main}
