CRITICAL - 2020-08-18 18:10:29 --> Unable to connect to the database.
#0 C:\xampp2\htdocs\cilujuravita\vendor\codeigniter4\framework\system\Database\BaseConnection.php(646): CodeIgniter\Database\BaseConnection->initialize()
#1 C:\xampp2\htdocs\cilujuravita\app\Controllers\CadastroController.php(30): CodeIgniter\Database\BaseConnection->query('\r\n      INSERT ...', Array)
#2 C:\xampp2\htdocs\cilujuravita\vendor\codeigniter4\framework\system\CodeIgniter.php(918): App\Controllers\CadastroController->cadastro()
#3 C:\xampp2\htdocs\cilujuravita\vendor\codeigniter4\framework\system\CodeIgniter.php(404): CodeIgniter\CodeIgniter->runController(Object(App\Controllers\CadastroController))
#4 C:\xampp2\htdocs\cilujuravita\vendor\codeigniter4\framework\system\CodeIgniter.php(312): CodeIgniter\CodeIgniter->handleRequest(NULL, Object(Config\Cache), false)
#5 C:\xampp2\htdocs\cilujuravita\public\index.php(45): CodeIgniter\CodeIgniter->run()
#6 {main}
CRITICAL - 2020-08-18 18:11:47 --> Unable to connect to the database.
#0 C:\xampp2\htdocs\cilujuravita\vendor\codeigniter4\framework\system\Database\BaseConnection.php(646): CodeIgniter\Database\BaseConnection->initialize()
#1 C:\xampp2\htdocs\cilujuravita\app\Controllers\CadastroController.php(30): CodeIgniter\Database\BaseConnection->query('\r\n      INSERT ...', Array)
#2 C:\xampp2\htdocs\cilujuravita\vendor\codeigniter4\framework\system\CodeIgniter.php(918): App\Controllers\CadastroController->cadastro()
#3 C:\xampp2\htdocs\cilujuravita\vendor\codeigniter4\framework\system\CodeIgniter.php(404): CodeIgniter\CodeIgniter->runController(Object(App\Controllers\CadastroController))
#4 C:\xampp2\htdocs\cilujuravita\vendor\codeigniter4\framework\system\CodeIgniter.php(312): CodeIgniter\CodeIgniter->handleRequest(NULL, Object(Config\Cache), false)
#5 C:\xampp2\htdocs\cilujuravita\public\index.php(45): CodeIgniter\CodeIgniter->run()
#6 {main}
CRITICAL - 2020-08-18 18:11:54 --> Unable to connect to the database.
#0 C:\xampp2\htdocs\cilujuravita\vendor\codeigniter4\framework\system\Database\BaseConnection.php(646): CodeIgniter\Database\BaseConnection->initialize()
#1 C:\xampp2\htdocs\cilujuravita\app\Controllers\CadastroController.php(30): CodeIgniter\Database\BaseConnection->query('\r\n      INSERT ...', Array)
#2 C:\xampp2\htdocs\cilujuravita\vendor\codeigniter4\framework\system\CodeIgniter.php(918): App\Controllers\CadastroController->cadastro()
#3 C:\xampp2\htdocs\cilujuravita\vendor\codeigniter4\framework\system\CodeIgniter.php(404): CodeIgniter\CodeIgniter->runController(Object(App\Controllers\CadastroController))
#4 C:\xampp2\htdocs\cilujuravita\vendor\codeigniter4\framework\system\CodeIgniter.php(312): CodeIgniter\CodeIgniter->handleRequest(NULL, Object(Config\Cache), false)
#5 C:\xampp2\htdocs\cilujuravita\public\index.php(45): CodeIgniter\CodeIgniter->run()
#6 {main}
CRITICAL - 2020-08-18 18:13:34 --> Column count doesn't match value count at row 1
#0 C:\xampp2\htdocs\cilujuravita\vendor\codeigniter4\framework\system\Database\MySQLi\Connection.php(331): mysqli->query('\r\n      INSERT ...')
#1 C:\xampp2\htdocs\cilujuravita\vendor\codeigniter4\framework\system\Database\BaseConnection.php(741): CodeIgniter\Database\MySQLi\Connection->execute('\r\n      INSERT ...')
#2 C:\xampp2\htdocs\cilujuravita\vendor\codeigniter4\framework\system\Database\BaseConnection.php(669): CodeIgniter\Database\BaseConnection->simpleQuery('\r\n      INSERT ...')
#3 C:\xampp2\htdocs\cilujuravita\app\Controllers\CadastroController.php(30): CodeIgniter\Database\BaseConnection->query('\r\n      INSERT ...', Array)
#4 C:\xampp2\htdocs\cilujuravita\vendor\codeigniter4\framework\system\CodeIgniter.php(918): App\Controllers\CadastroController->cadastro()
#5 C:\xampp2\htdocs\cilujuravita\vendor\codeigniter4\framework\system\CodeIgniter.php(404): CodeIgniter\CodeIgniter->runController(Object(App\Controllers\CadastroController))
#6 C:\xampp2\htdocs\cilujuravita\vendor\codeigniter4\framework\system\CodeIgniter.php(312): CodeIgniter\CodeIgniter->handleRequest(NULL, Object(Config\Cache), false)
#7 C:\xampp2\htdocs\cilujuravita\public\index.php(45): CodeIgniter\CodeIgniter->run()
#8 {main}
CRITICAL - 2020-08-18 18:15:26 --> Column count doesn't match value count at row 1
#0 C:\xampp2\htdocs\cilujuravita\vendor\codeigniter4\framework\system\Database\MySQLi\Connection.php(331): mysqli->query('\r\n      INSERT ...')
#1 C:\xampp2\htdocs\cilujuravita\vendor\codeigniter4\framework\system\Database\BaseConnection.php(741): CodeIgniter\Database\MySQLi\Connection->execute('\r\n      INSERT ...')
#2 C:\xampp2\htdocs\cilujuravita\vendor\codeigniter4\framework\system\Database\BaseConnection.php(669): CodeIgniter\Database\BaseConnection->simpleQuery('\r\n      INSERT ...')
#3 C:\xampp2\htdocs\cilujuravita\app\Controllers\CadastroController.php(30): CodeIgniter\Database\BaseConnection->query('\r\n      INSERT ...', Array)
#4 C:\xampp2\htdocs\cilujuravita\vendor\codeigniter4\framework\system\CodeIgniter.php(918): App\Controllers\CadastroController->cadastro()
#5 C:\xampp2\htdocs\cilujuravita\vendor\codeigniter4\framework\system\CodeIgniter.php(404): CodeIgniter\CodeIgniter->runController(Object(App\Controllers\CadastroController))
#6 C:\xampp2\htdocs\cilujuravita\vendor\codeigniter4\framework\system\CodeIgniter.php(312): CodeIgniter\CodeIgniter->handleRequest(NULL, Object(Config\Cache), false)
#7 C:\xampp2\htdocs\cilujuravita\public\index.php(45): CodeIgniter\CodeIgniter->run()
#8 {main}
CRITICAL - 2020-08-18 18:45:12 --> Use of undefined constant CadastroController - assumed 'CadastroController' (this will throw an Error in a future version of PHP)
#0 C:\xampp2\htdocs\cilujuravita\app\Views\Entrar.php(60): CodeIgniter\Debug\Exceptions->errorHandler(2, 'Use of undefine...', 'C:\\xampp2\\htdoc...', 60, Array)
#1 C:\xampp2\htdocs\cilujuravita\vendor\codeigniter4\framework\system\View\View.php(246): include('C:\\xampp2\\htdoc...')
#2 C:\xampp2\htdocs\cilujuravita\vendor\codeigniter4\framework\system\Common.php(1119): CodeIgniter\View\View->render('entrar.php', Array, true)
#3 C:\xampp2\htdocs\cilujuravita\app\Controllers\CadastroController.php(35): view('entrar.php')
#4 C:\xampp2\htdocs\cilujuravita\vendor\codeigniter4\framework\system\CodeIgniter.php(918): App\Controllers\CadastroController->cadastro()
#5 C:\xampp2\htdocs\cilujuravita\vendor\codeigniter4\framework\system\CodeIgniter.php(404): CodeIgniter\CodeIgniter->runController(Object(App\Controllers\CadastroController))
#6 C:\xampp2\htdocs\cilujuravita\vendor\codeigniter4\framework\system\CodeIgniter.php(312): CodeIgniter\CodeIgniter->handleRequest(NULL, Object(Config\Cache), false)
#7 C:\xampp2\htdocs\cilujuravita\public\index.php(45): CodeIgniter\CodeIgniter->run()
#8 {main}
CRITICAL - 2020-08-18 18:46:12 --> Use of undefined constant Main - assumed 'Main' (this will throw an Error in a future version of PHP)
#0 C:\xampp2\htdocs\cilujuravita\app\Views\Entrar.php(60): CodeIgniter\Debug\Exceptions->errorHandler(2, 'Use of undefine...', 'C:\\xampp2\\htdoc...', 60, Array)
#1 C:\xampp2\htdocs\cilujuravita\vendor\codeigniter4\framework\system\View\View.php(246): include('C:\\xampp2\\htdoc...')
#2 C:\xampp2\htdocs\cilujuravita\vendor\codeigniter4\framework\system\Common.php(1119): CodeIgniter\View\View->render('entrar.php', Array, true)
#3 C:\xampp2\htdocs\cilujuravita\app\Controllers\CadastroController.php(35): view('entrar.php')
#4 C:\xampp2\htdocs\cilujuravita\vendor\codeigniter4\framework\system\CodeIgniter.php(918): App\Controllers\CadastroController->cadastro()
#5 C:\xampp2\htdocs\cilujuravita\vendor\codeigniter4\framework\system\CodeIgniter.php(404): CodeIgniter\CodeIgniter->runController(Object(App\Controllers\CadastroController))
#6 C:\xampp2\htdocs\cilujuravita\vendor\codeigniter4\framework\system\CodeIgniter.php(312): CodeIgniter\CodeIgniter->handleRequest(NULL, Object(Config\Cache), false)
#7 C:\xampp2\htdocs\cilujuravita\public\index.php(45): CodeIgniter\CodeIgniter->run()
#8 {main}
CRITICAL - 2020-08-18 18:47:05 --> Use of undefined constant Main - assumed 'Main' (this will throw an Error in a future version of PHP)
#0 C:\xampp2\htdocs\cilujuravita\app\Views\Entrar.php(60): CodeIgniter\Debug\Exceptions->errorHandler(2, 'Use of undefine...', 'C:\\xampp2\\htdoc...', 60, Array)
#1 C:\xampp2\htdocs\cilujuravita\vendor\codeigniter4\framework\system\View\View.php(246): include('C:\\xampp2\\htdoc...')
#2 C:\xampp2\htdocs\cilujuravita\vendor\codeigniter4\framework\system\Common.php(1119): CodeIgniter\View\View->render('entrar.php', Array, true)
#3 C:\xampp2\htdocs\cilujuravita\app\Controllers\CadastroController.php(35): view('entrar.php')
#4 C:\xampp2\htdocs\cilujuravita\vendor\codeigniter4\framework\system\CodeIgniter.php(918): App\Controllers\CadastroController->cadastro()
#5 C:\xampp2\htdocs\cilujuravita\vendor\codeigniter4\framework\system\CodeIgniter.php(404): CodeIgniter\CodeIgniter->runController(Object(App\Controllers\CadastroController))
#6 C:\xampp2\htdocs\cilujuravita\vendor\codeigniter4\framework\system\CodeIgniter.php(312): CodeIgniter\CodeIgniter->handleRequest(NULL, Object(Config\Cache), false)
#7 C:\xampp2\htdocs\cilujuravita\public\index.php(45): CodeIgniter\CodeIgniter->run()
#8 {main}
