CRITICAL - 2020-08-11 14:17:51 --> Invalid file: MontaCadastro.php
#0 C:\xampp\htdocs\cilujuravita\vendor\codeigniter4\framework\system\View\View.php(228): CodeIgniter\Exceptions\FrameworkException::forInvalidFile('MontaCadastro.p...')
#1 C:\xampp\htdocs\cilujuravita\vendor\codeigniter4\framework\system\Common.php(1119): CodeIgniter\View\View->render('MontaCadastro.p...', Array, true)
#2 C:\xampp\htdocs\cilujuravita\app\Controllers\Main.php(29): view('MontaCadastro.p...')
#3 C:\xampp\htdocs\cilujuravita\vendor\codeigniter4\framework\system\CodeIgniter.php(918): App\Controllers\Main->index()
#4 C:\xampp\htdocs\cilujuravita\vendor\codeigniter4\framework\system\CodeIgniter.php(404): CodeIgniter\CodeIgniter->runController(Object(App\Controllers\Main))
#5 C:\xampp\htdocs\cilujuravita\vendor\codeigniter4\framework\system\CodeIgniter.php(312): CodeIgniter\CodeIgniter->handleRequest(NULL, Object(Config\Cache), false)
#6 C:\xampp\htdocs\cilujuravita\public\index.php(45): CodeIgniter\CodeIgniter->run()
#7 {main}
CRITICAL - 2020-08-11 14:29:28 --> Class 'App\Controllers\Controller' not found
#0 C:\xampp\htdocs\cilujuravita\vendor\codeigniter4\framework\system\Router\Router.php(583): include_once()
#1 C:\xampp\htdocs\cilujuravita\vendor\codeigniter4\framework\system\Router\Router.php(195): CodeIgniter\Router\Router->autoRoute('CadastroControl...')
#2 C:\xampp\htdocs\cilujuravita\vendor\codeigniter4\framework\system\CodeIgniter.php(793): CodeIgniter\Router\Router->handle('CadastroControl...')
#3 C:\xampp\htdocs\cilujuravita\vendor\codeigniter4\framework\system\CodeIgniter.php(364): CodeIgniter\CodeIgniter->tryToRouteIt(Object(CodeIgniter\Router\RouteCollection))
#4 C:\xampp\htdocs\cilujuravita\vendor\codeigniter4\framework\system\CodeIgniter.php(312): CodeIgniter\CodeIgniter->handleRequest(NULL, Object(Config\Cache), false)
#5 C:\xampp\htdocs\cilujuravita\public\index.php(45): CodeIgniter\CodeIgniter->run()
#6 {main}
CRITICAL - 2020-08-11 15:12:10 --> You have an error in your SQL syntax; check the manual that corresponds to your MariaDB server version for the right syntax to use near '
        'Juan Miguel',
        'juan@juan',
        '123'
      )' at line 2
#0 C:\xampp\htdocs\cilujuravita\vendor\codeigniter4\framework\system\Database\MySQLi\Connection.php(331): mysqli->query('\r\n      INSERT ...')
#1 C:\xampp\htdocs\cilujuravita\vendor\codeigniter4\framework\system\Database\BaseConnection.php(741): CodeIgniter\Database\MySQLi\Connection->execute('\r\n      INSERT ...')
#2 C:\xampp\htdocs\cilujuravita\vendor\codeigniter4\framework\system\Database\BaseConnection.php(669): CodeIgniter\Database\BaseConnection->simpleQuery('\r\n      INSERT ...')
#3 C:\xampp\htdocs\cilujuravita\app\Controllers\CadastroController.php(37): CodeIgniter\Database\BaseConnection->query('\r\n      INSERT ...', Array)
#4 C:\xampp\htdocs\cilujuravita\vendor\codeigniter4\framework\system\CodeIgniter.php(918): App\Controllers\CadastroController->cadastro()
#5 C:\xampp\htdocs\cilujuravita\vendor\codeigniter4\framework\system\CodeIgniter.php(404): CodeIgniter\CodeIgniter->runController(Object(App\Controllers\CadastroController))
#6 C:\xampp\htdocs\cilujuravita\vendor\codeigniter4\framework\system\CodeIgniter.php(312): CodeIgniter\CodeIgniter->handleRequest(NULL, Object(Config\Cache), false)
#7 C:\xampp\htdocs\cilujuravita\public\index.php(45): CodeIgniter\CodeIgniter->run()
#8 {main}
CRITICAL - 2020-08-11 15:13:54 --> Column count doesn't match value count at row 1
#0 C:\xampp\htdocs\cilujuravita\vendor\codeigniter4\framework\system\Database\MySQLi\Connection.php(331): mysqli->query('\r\n      INSERT ...')
#1 C:\xampp\htdocs\cilujuravita\vendor\codeigniter4\framework\system\Database\BaseConnection.php(741): CodeIgniter\Database\MySQLi\Connection->execute('\r\n      INSERT ...')
#2 C:\xampp\htdocs\cilujuravita\vendor\codeigniter4\framework\system\Database\BaseConnection.php(669): CodeIgniter\Database\BaseConnection->simpleQuery('\r\n      INSERT ...')
#3 C:\xampp\htdocs\cilujuravita\app\Controllers\CadastroController.php(37): CodeIgniter\Database\BaseConnection->query('\r\n      INSERT ...', Array)
#4 C:\xampp\htdocs\cilujuravita\vendor\codeigniter4\framework\system\CodeIgniter.php(918): App\Controllers\CadastroController->cadastro()
#5 C:\xampp\htdocs\cilujuravita\vendor\codeigniter4\framework\system\CodeIgniter.php(404): CodeIgniter\CodeIgniter->runController(Object(App\Controllers\CadastroController))
#6 C:\xampp\htdocs\cilujuravita\vendor\codeigniter4\framework\system\CodeIgniter.php(312): CodeIgniter\CodeIgniter->handleRequest(NULL, Object(Config\Cache), false)
#7 C:\xampp\htdocs\cilujuravita\public\index.php(45): CodeIgniter\CodeIgniter->run()
#8 {main}
CRITICAL - 2020-08-11 15:15:11 --> Column count doesn't match value count at row 1
#0 C:\xampp\htdocs\cilujuravita\vendor\codeigniter4\framework\system\Database\MySQLi\Connection.php(331): mysqli->query('\r\n      INSERT ...')
#1 C:\xampp\htdocs\cilujuravita\vendor\codeigniter4\framework\system\Database\BaseConnection.php(741): CodeIgniter\Database\MySQLi\Connection->execute('\r\n      INSERT ...')
#2 C:\xampp\htdocs\cilujuravita\vendor\codeigniter4\framework\system\Database\BaseConnection.php(669): CodeIgniter\Database\BaseConnection->simpleQuery('\r\n      INSERT ...')
#3 C:\xampp\htdocs\cilujuravita\app\Controllers\CadastroController.php(37): CodeIgniter\Database\BaseConnection->query('\r\n      INSERT ...', Array)
#4 C:\xampp\htdocs\cilujuravita\vendor\codeigniter4\framework\system\CodeIgniter.php(918): App\Controllers\CadastroController->cadastro()
#5 C:\xampp\htdocs\cilujuravita\vendor\codeigniter4\framework\system\CodeIgniter.php(404): CodeIgniter\CodeIgniter->runController(Object(App\Controllers\CadastroController))
#6 C:\xampp\htdocs\cilujuravita\vendor\codeigniter4\framework\system\CodeIgniter.php(312): CodeIgniter\CodeIgniter->handleRequest(NULL, Object(Config\Cache), false)
#7 C:\xampp\htdocs\cilujuravita\public\index.php(45): CodeIgniter\CodeIgniter->run()
#8 {main}
CRITICAL - 2020-08-11 15:16:40 --> You have an error in your SQL syntax; check the manual that corresponds to your MariaDB server version for the right syntax to use near 'Juan Miguel'',
        ''juan@juan'',
        ''123'',
        '0'
      )' at line 3
#0 C:\xampp\htdocs\cilujuravita\vendor\codeigniter4\framework\system\Database\MySQLi\Connection.php(331): mysqli->query('\r\n      INSERT ...')
#1 C:\xampp\htdocs\cilujuravita\vendor\codeigniter4\framework\system\Database\BaseConnection.php(741): CodeIgniter\Database\MySQLi\Connection->execute('\r\n      INSERT ...')
#2 C:\xampp\htdocs\cilujuravita\vendor\codeigniter4\framework\system\Database\BaseConnection.php(669): CodeIgniter\Database\BaseConnection->simpleQuery('\r\n      INSERT ...')
#3 C:\xampp\htdocs\cilujuravita\app\Controllers\CadastroController.php(37): CodeIgniter\Database\BaseConnection->query('\r\n      INSERT ...', Array)
#4 C:\xampp\htdocs\cilujuravita\vendor\codeigniter4\framework\system\CodeIgniter.php(918): App\Controllers\CadastroController->cadastro()
#5 C:\xampp\htdocs\cilujuravita\vendor\codeigniter4\framework\system\CodeIgniter.php(404): CodeIgniter\CodeIgniter->runController(Object(App\Controllers\CadastroController))
#6 C:\xampp\htdocs\cilujuravita\vendor\codeigniter4\framework\system\CodeIgniter.php(312): CodeIgniter\CodeIgniter->handleRequest(NULL, Object(Config\Cache), false)
#7 C:\xampp\htdocs\cilujuravita\public\index.php(45): CodeIgniter\CodeIgniter->run()
#8 {main}
CRITICAL - 2020-08-11 15:17:57 --> You have an error in your SQL syntax; check the manual that corresponds to your MariaDB server version for the right syntax to use near 'Juan Miguel'',''juan@juan'',''123'','0')' at line 1
#0 C:\xampp\htdocs\cilujuravita\vendor\codeigniter4\framework\system\Database\MySQLi\Connection.php(331): mysqli->query('\r\n      INSERT ...')
#1 C:\xampp\htdocs\cilujuravita\vendor\codeigniter4\framework\system\Database\BaseConnection.php(741): CodeIgniter\Database\MySQLi\Connection->execute('\r\n      INSERT ...')
#2 C:\xampp\htdocs\cilujuravita\vendor\codeigniter4\framework\system\Database\BaseConnection.php(669): CodeIgniter\Database\BaseConnection->simpleQuery('\r\n      INSERT ...')
#3 C:\xampp\htdocs\cilujuravita\app\Controllers\CadastroController.php(37): CodeIgniter\Database\BaseConnection->query('\r\n      INSERT ...', Array)
#4 C:\xampp\htdocs\cilujuravita\vendor\codeigniter4\framework\system\CodeIgniter.php(918): App\Controllers\CadastroController->cadastro()
#5 C:\xampp\htdocs\cilujuravita\vendor\codeigniter4\framework\system\CodeIgniter.php(404): CodeIgniter\CodeIgniter->runController(Object(App\Controllers\CadastroController))
#6 C:\xampp\htdocs\cilujuravita\vendor\codeigniter4\framework\system\CodeIgniter.php(312): CodeIgniter\CodeIgniter->handleRequest(NULL, Object(Config\Cache), false)
#7 C:\xampp\htdocs\cilujuravita\public\index.php(45): CodeIgniter\CodeIgniter->run()
#8 {main}
CRITICAL - 2020-08-11 15:18:10 --> You have an error in your SQL syntax; check the manual that corresponds to your MariaDB server version for the right syntax to use near 'aa bb'',''aa@'',''123'','0')' at line 1
#0 C:\xampp\htdocs\cilujuravita\vendor\codeigniter4\framework\system\Database\MySQLi\Connection.php(331): mysqli->query('\r\n      INSERT ...')
#1 C:\xampp\htdocs\cilujuravita\vendor\codeigniter4\framework\system\Database\BaseConnection.php(741): CodeIgniter\Database\MySQLi\Connection->execute('\r\n      INSERT ...')
#2 C:\xampp\htdocs\cilujuravita\vendor\codeigniter4\framework\system\Database\BaseConnection.php(669): CodeIgniter\Database\BaseConnection->simpleQuery('\r\n      INSERT ...')
#3 C:\xampp\htdocs\cilujuravita\app\Controllers\CadastroController.php(37): CodeIgniter\Database\BaseConnection->query('\r\n      INSERT ...', Array)
#4 C:\xampp\htdocs\cilujuravita\vendor\codeigniter4\framework\system\CodeIgniter.php(918): App\Controllers\CadastroController->cadastro()
#5 C:\xampp\htdocs\cilujuravita\vendor\codeigniter4\framework\system\CodeIgniter.php(404): CodeIgniter\CodeIgniter->runController(Object(App\Controllers\CadastroController))
#6 C:\xampp\htdocs\cilujuravita\vendor\codeigniter4\framework\system\CodeIgniter.php(312): CodeIgniter\CodeIgniter->handleRequest(NULL, Object(Config\Cache), false)
#7 C:\xampp\htdocs\cilujuravita\public\index.php(45): CodeIgniter\CodeIgniter->run()
#8 {main}
CRITICAL - 2020-08-11 15:18:57 --> You have an error in your SQL syntax; check the manual that corresponds to your MariaDB server version for the right syntax to use near ''bailarino' VALUES('0',''aa bb'',''aa@'',''123'','0')' at line 1
#0 C:\xampp\htdocs\cilujuravita\vendor\codeigniter4\framework\system\Database\MySQLi\Connection.php(331): mysqli->query('\r\n      INSERT ...')
#1 C:\xampp\htdocs\cilujuravita\vendor\codeigniter4\framework\system\Database\BaseConnection.php(741): CodeIgniter\Database\MySQLi\Connection->execute('\r\n      INSERT ...')
#2 C:\xampp\htdocs\cilujuravita\vendor\codeigniter4\framework\system\Database\BaseConnection.php(669): CodeIgniter\Database\BaseConnection->simpleQuery('\r\n      INSERT ...')
#3 C:\xampp\htdocs\cilujuravita\app\Controllers\CadastroController.php(37): CodeIgniter\Database\BaseConnection->query('\r\n      INSERT ...', Array)
#4 C:\xampp\htdocs\cilujuravita\vendor\codeigniter4\framework\system\CodeIgniter.php(918): App\Controllers\CadastroController->cadastro()
#5 C:\xampp\htdocs\cilujuravita\vendor\codeigniter4\framework\system\CodeIgniter.php(404): CodeIgniter\CodeIgniter->runController(Object(App\Controllers\CadastroController))
#6 C:\xampp\htdocs\cilujuravita\vendor\codeigniter4\framework\system\CodeIgniter.php(312): CodeIgniter\CodeIgniter->handleRequest(NULL, Object(Config\Cache), false)
#7 C:\xampp\htdocs\cilujuravita\public\index.php(45): CodeIgniter\CodeIgniter->run()
#8 {main}
CRITICAL - 2020-08-11 15:20:03 --> You have an error in your SQL syntax; check the manual that corresponds to your MariaDB server version for the right syntax to use near ''bailarino' VALUES('',''aa bb'',''aa@'',''123'','0')' at line 1
#0 C:\xampp\htdocs\cilujuravita\vendor\codeigniter4\framework\system\Database\MySQLi\Connection.php(331): mysqli->query('\r\n      INSERT ...')
#1 C:\xampp\htdocs\cilujuravita\vendor\codeigniter4\framework\system\Database\BaseConnection.php(741): CodeIgniter\Database\MySQLi\Connection->execute('\r\n      INSERT ...')
#2 C:\xampp\htdocs\cilujuravita\vendor\codeigniter4\framework\system\Database\BaseConnection.php(669): CodeIgniter\Database\BaseConnection->simpleQuery('\r\n      INSERT ...')
#3 C:\xampp\htdocs\cilujuravita\app\Controllers\CadastroController.php(37): CodeIgniter\Database\BaseConnection->query('\r\n      INSERT ...', Array)
#4 C:\xampp\htdocs\cilujuravita\vendor\codeigniter4\framework\system\CodeIgniter.php(918): App\Controllers\CadastroController->cadastro()
#5 C:\xampp\htdocs\cilujuravita\vendor\codeigniter4\framework\system\CodeIgniter.php(404): CodeIgniter\CodeIgniter->runController(Object(App\Controllers\CadastroController))
#6 C:\xampp\htdocs\cilujuravita\vendor\codeigniter4\framework\system\CodeIgniter.php(312): CodeIgniter\CodeIgniter->handleRequest(NULL, Object(Config\Cache), false)
#7 C:\xampp\htdocs\cilujuravita\public\index.php(45): CodeIgniter\CodeIgniter->run()
#8 {main}
CRITICAL - 2020-08-11 15:28:11 --> You have an error in your SQL syntax; check the manual that corresponds to your MariaDB server version for the right syntax to use near ''bailarino' VALUES('',''aa bb'',''aa@aa'',''123'','0')' at line 1
#0 C:\xampp\htdocs\cilujuravita\vendor\codeigniter4\framework\system\Database\MySQLi\Connection.php(331): mysqli->query('\r\n      INSERT ...')
#1 C:\xampp\htdocs\cilujuravita\vendor\codeigniter4\framework\system\Database\BaseConnection.php(741): CodeIgniter\Database\MySQLi\Connection->execute('\r\n      INSERT ...')
#2 C:\xampp\htdocs\cilujuravita\vendor\codeigniter4\framework\system\Database\BaseConnection.php(669): CodeIgniter\Database\BaseConnection->simpleQuery('\r\n      INSERT ...')
#3 C:\xampp\htdocs\cilujuravita\app\Controllers\CadastroController.php(37): CodeIgniter\Database\BaseConnection->query('\r\n      INSERT ...', Array)
#4 C:\xampp\htdocs\cilujuravita\vendor\codeigniter4\framework\system\CodeIgniter.php(918): App\Controllers\CadastroController->cadastro()
#5 C:\xampp\htdocs\cilujuravita\vendor\codeigniter4\framework\system\CodeIgniter.php(404): CodeIgniter\CodeIgniter->runController(Object(App\Controllers\CadastroController))
#6 C:\xampp\htdocs\cilujuravita\vendor\codeigniter4\framework\system\CodeIgniter.php(312): CodeIgniter\CodeIgniter->handleRequest(NULL, Object(Config\Cache), false)
#7 C:\xampp\htdocs\cilujuravita\public\index.php(45): CodeIgniter\CodeIgniter->run()
#8 {main}
CRITICAL - 2020-08-11 15:28:27 --> You have an error in your SQL syntax; check the manual that corresponds to your MariaDB server version for the right syntax to use near ''bailarino' VALUES('',''aa bb'',''123@'',''123'','0')' at line 1
#0 C:\xampp\htdocs\cilujuravita\vendor\codeigniter4\framework\system\Database\MySQLi\Connection.php(331): mysqli->query('\r\n      INSERT ...')
#1 C:\xampp\htdocs\cilujuravita\vendor\codeigniter4\framework\system\Database\BaseConnection.php(741): CodeIgniter\Database\MySQLi\Connection->execute('\r\n      INSERT ...')
#2 C:\xampp\htdocs\cilujuravita\vendor\codeigniter4\framework\system\Database\BaseConnection.php(669): CodeIgniter\Database\BaseConnection->simpleQuery('\r\n      INSERT ...')
#3 C:\xampp\htdocs\cilujuravita\app\Controllers\CadastroController.php(37): CodeIgniter\Database\BaseConnection->query('\r\n      INSERT ...', Array)
#4 C:\xampp\htdocs\cilujuravita\vendor\codeigniter4\framework\system\CodeIgniter.php(918): App\Controllers\CadastroController->cadastro()
#5 C:\xampp\htdocs\cilujuravita\vendor\codeigniter4\framework\system\CodeIgniter.php(404): CodeIgniter\CodeIgniter->runController(Object(App\Controllers\CadastroController))
#6 C:\xampp\htdocs\cilujuravita\vendor\codeigniter4\framework\system\CodeIgniter.php(312): CodeIgniter\CodeIgniter->handleRequest(NULL, Object(Config\Cache), false)
#7 C:\xampp\htdocs\cilujuravita\public\index.php(45): CodeIgniter\CodeIgniter->run()
#8 {main}
CRITICAL - 2020-08-11 15:31:58 --> Unable to connect to the database.
#0 C:\xampp\htdocs\cilujuravita\vendor\codeigniter4\framework\system\Database\BaseConnection.php(646): CodeIgniter\Database\BaseConnection->initialize()
#1 C:\xampp\htdocs\cilujuravita\app\Controllers\CadastroController.php(37): CodeIgniter\Database\BaseConnection->query('\r\n      INSERT ...', Array)
#2 C:\xampp\htdocs\cilujuravita\vendor\codeigniter4\framework\system\CodeIgniter.php(918): App\Controllers\CadastroController->cadastro()
#3 C:\xampp\htdocs\cilujuravita\vendor\codeigniter4\framework\system\CodeIgniter.php(404): CodeIgniter\CodeIgniter->runController(Object(App\Controllers\CadastroController))
#4 C:\xampp\htdocs\cilujuravita\vendor\codeigniter4\framework\system\CodeIgniter.php(312): CodeIgniter\CodeIgniter->handleRequest(NULL, Object(Config\Cache), false)
#5 C:\xampp\htdocs\cilujuravita\public\index.php(45): CodeIgniter\CodeIgniter->run()
#6 {main}
CRITICAL - 2020-08-11 15:32:12 --> Unable to connect to the database.
#0 C:\xampp\htdocs\cilujuravita\vendor\codeigniter4\framework\system\Database\BaseConnection.php(646): CodeIgniter\Database\BaseConnection->initialize()
#1 C:\xampp\htdocs\cilujuravita\app\Controllers\CadastroController.php(37): CodeIgniter\Database\BaseConnection->query('\r\n      INSERT ...', Array)
#2 C:\xampp\htdocs\cilujuravita\vendor\codeigniter4\framework\system\CodeIgniter.php(918): App\Controllers\CadastroController->cadastro()
#3 C:\xampp\htdocs\cilujuravita\vendor\codeigniter4\framework\system\CodeIgniter.php(404): CodeIgniter\CodeIgniter->runController(Object(App\Controllers\CadastroController))
#4 C:\xampp\htdocs\cilujuravita\vendor\codeigniter4\framework\system\CodeIgniter.php(312): CodeIgniter\CodeIgniter->handleRequest(NULL, Object(Config\Cache), false)
#5 C:\xampp\htdocs\cilujuravita\public\index.php(45): CodeIgniter\CodeIgniter->run()
#6 {main}
CRITICAL - 2020-08-11 15:32:17 --> Unable to connect to the database.
#0 C:\xampp\htdocs\cilujuravita\vendor\codeigniter4\framework\system\Database\BaseConnection.php(646): CodeIgniter\Database\BaseConnection->initialize()
#1 C:\xampp\htdocs\cilujuravita\app\Controllers\CadastroController.php(37): CodeIgniter\Database\BaseConnection->query('\r\n      INSERT ...', Array)
#2 C:\xampp\htdocs\cilujuravita\vendor\codeigniter4\framework\system\CodeIgniter.php(918): App\Controllers\CadastroController->cadastro()
#3 C:\xampp\htdocs\cilujuravita\vendor\codeigniter4\framework\system\CodeIgniter.php(404): CodeIgniter\CodeIgniter->runController(Object(App\Controllers\CadastroController))
#4 C:\xampp\htdocs\cilujuravita\vendor\codeigniter4\framework\system\CodeIgniter.php(312): CodeIgniter\CodeIgniter->handleRequest(NULL, Object(Config\Cache), false)
#5 C:\xampp\htdocs\cilujuravita\public\index.php(45): CodeIgniter\CodeIgniter->run()
#6 {main}
CRITICAL - 2020-08-11 15:32:55 --> Unable to connect to the database.
#0 C:\xampp\htdocs\cilujuravita\vendor\codeigniter4\framework\system\Database\BaseConnection.php(646): CodeIgniter\Database\BaseConnection->initialize()
#1 C:\xampp\htdocs\cilujuravita\app\Controllers\CadastroController.php(37): CodeIgniter\Database\BaseConnection->query('\r\n      INSERT ...', Array)
#2 C:\xampp\htdocs\cilujuravita\vendor\codeigniter4\framework\system\CodeIgniter.php(918): App\Controllers\CadastroController->cadastro()
#3 C:\xampp\htdocs\cilujuravita\vendor\codeigniter4\framework\system\CodeIgniter.php(404): CodeIgniter\CodeIgniter->runController(Object(App\Controllers\CadastroController))
#4 C:\xampp\htdocs\cilujuravita\vendor\codeigniter4\framework\system\CodeIgniter.php(312): CodeIgniter\CodeIgniter->handleRequest(NULL, Object(Config\Cache), false)
#5 C:\xampp\htdocs\cilujuravita\public\index.php(45): CodeIgniter\CodeIgniter->run()
#6 {main}
CRITICAL - 2020-08-11 15:33:06 --> Unable to connect to the database.
#0 C:\xampp\htdocs\cilujuravita\vendor\codeigniter4\framework\system\Database\BaseConnection.php(646): CodeIgniter\Database\BaseConnection->initialize()
#1 C:\xampp\htdocs\cilujuravita\app\Controllers\CadastroController.php(37): CodeIgniter\Database\BaseConnection->query('\r\n      INSERT ...', Array)
#2 C:\xampp\htdocs\cilujuravita\vendor\codeigniter4\framework\system\CodeIgniter.php(918): App\Controllers\CadastroController->cadastro()
#3 C:\xampp\htdocs\cilujuravita\vendor\codeigniter4\framework\system\CodeIgniter.php(404): CodeIgniter\CodeIgniter->runController(Object(App\Controllers\CadastroController))
#4 C:\xampp\htdocs\cilujuravita\vendor\codeigniter4\framework\system\CodeIgniter.php(312): CodeIgniter\CodeIgniter->handleRequest(NULL, Object(Config\Cache), false)
#5 C:\xampp\htdocs\cilujuravita\public\index.php(45): CodeIgniter\CodeIgniter->run()
#6 {main}
CRITICAL - 2020-08-11 15:33:32 --> Unable to connect to the database.
#0 C:\xampp\htdocs\cilujuravita\vendor\codeigniter4\framework\system\Database\BaseConnection.php(646): CodeIgniter\Database\BaseConnection->initialize()
#1 C:\xampp\htdocs\cilujuravita\app\Controllers\CadastroController.php(37): CodeIgniter\Database\BaseConnection->query('\r\n      INSERT ...', Array)
#2 C:\xampp\htdocs\cilujuravita\vendor\codeigniter4\framework\system\CodeIgniter.php(918): App\Controllers\CadastroController->cadastro()
#3 C:\xampp\htdocs\cilujuravita\vendor\codeigniter4\framework\system\CodeIgniter.php(404): CodeIgniter\CodeIgniter->runController(Object(App\Controllers\CadastroController))
#4 C:\xampp\htdocs\cilujuravita\vendor\codeigniter4\framework\system\CodeIgniter.php(312): CodeIgniter\CodeIgniter->handleRequest(NULL, Object(Config\Cache), false)
#5 C:\xampp\htdocs\cilujuravita\public\index.php(45): CodeIgniter\CodeIgniter->run()
#6 {main}
