CRITICAL - 2020-08-09 21:59:14 --> Invalid file: Cadastro.php
#0 C:\xampp\htdocs\cilujuravita\vendor\codeigniter4\framework\system\View\View.php(228): CodeIgniter\Exceptions\FrameworkException::forInvalidFile('Cadastro.php')
#1 C:\xampp\htdocs\cilujuravita\vendor\codeigniter4\framework\system\Common.php(1119): CodeIgniter\View\View->render('Cadastro.php', Array, true)
#2 C:\xampp\htdocs\cilujuravita\app\Controllers\Main.php(29): view('Cadastro.php')
#3 C:\xampp\htdocs\cilujuravita\vendor\codeigniter4\framework\system\CodeIgniter.php(918): App\Controllers\Main->index()
#4 C:\xampp\htdocs\cilujuravita\vendor\codeigniter4\framework\system\CodeIgniter.php(404): CodeIgniter\CodeIgniter->runController(Object(App\Controllers\Main))
#5 C:\xampp\htdocs\cilujuravita\vendor\codeigniter4\framework\system\CodeIgniter.php(312): CodeIgniter\CodeIgniter->handleRequest(NULL, Object(Config\Cache), false)
#6 C:\xampp\htdocs\cilujuravita\public\index.php(45): CodeIgniter\CodeIgniter->run()
#7 {main}
CRITICAL - 2020-08-09 21:59:29 --> Invalid file: Cadastro.php
#0 C:\xampp\htdocs\cilujuravita\vendor\codeigniter4\framework\system\View\View.php(228): CodeIgniter\Exceptions\FrameworkException::forInvalidFile('Cadastro.php')
#1 C:\xampp\htdocs\cilujuravita\vendor\codeigniter4\framework\system\Common.php(1119): CodeIgniter\View\View->render('Cadastro.php', Array, true)
#2 C:\xampp\htdocs\cilujuravita\app\Controllers\Main.php(29): view('Cadastro.php')
#3 C:\xampp\htdocs\cilujuravita\vendor\codeigniter4\framework\system\CodeIgniter.php(918): App\Controllers\Main->index()
#4 C:\xampp\htdocs\cilujuravita\vendor\codeigniter4\framework\system\CodeIgniter.php(404): CodeIgniter\CodeIgniter->runController(Object(App\Controllers\Main))
#5 C:\xampp\htdocs\cilujuravita\vendor\codeigniter4\framework\system\CodeIgniter.php(312): CodeIgniter\CodeIgniter->handleRequest(NULL, Object(Config\Cache), false)
#6 C:\xampp\htdocs\cilujuravita\public\index.php(45): CodeIgniter\CodeIgniter->run()
#7 {main}
CRITICAL - 2020-08-09 21:59:52 --> Invalid file: Cadastro.php
#0 C:\xampp\htdocs\cilujuravita\vendor\codeigniter4\framework\system\View\View.php(228): CodeIgniter\Exceptions\FrameworkException::forInvalidFile('Cadastro.php')
#1 C:\xampp\htdocs\cilujuravita\vendor\codeigniter4\framework\system\Common.php(1119): CodeIgniter\View\View->render('Cadastro.php', Array, true)
#2 C:\xampp\htdocs\cilujuravita\app\Controllers\Main.php(29): view('Cadastro.php')
#3 C:\xampp\htdocs\cilujuravita\vendor\codeigniter4\framework\system\CodeIgniter.php(918): App\Controllers\Main->index()
#4 C:\xampp\htdocs\cilujuravita\vendor\codeigniter4\framework\system\CodeIgniter.php(404): CodeIgniter\CodeIgniter->runController(Object(App\Controllers\Main))
#5 C:\xampp\htdocs\cilujuravita\vendor\codeigniter4\framework\system\CodeIgniter.php(312): CodeIgniter\CodeIgniter->handleRequest(NULL, Object(Config\Cache), false)
#6 C:\xampp\htdocs\cilujuravita\public\index.php(45): CodeIgniter\CodeIgniter->run()
#7 C:\xampp\htdocs\cilujuravita\vendor\codeigniter4\framework\system\Commands\Server\rewrite.php(34): require_once('C:\\xampp\\htdocs...')
#8 {main}
CRITICAL - 2020-08-09 22:00:28 --> Invalid file: CadastroController.php
#0 C:\xampp\htdocs\cilujuravita\vendor\codeigniter4\framework\system\View\View.php(228): CodeIgniter\Exceptions\FrameworkException::forInvalidFile('CadastroControl...')
#1 C:\xampp\htdocs\cilujuravita\vendor\codeigniter4\framework\system\Common.php(1119): CodeIgniter\View\View->render('CadastroControl...', Array, true)
#2 C:\xampp\htdocs\cilujuravita\app\Controllers\Main.php(29): view('CadastroControl...')
#3 C:\xampp\htdocs\cilujuravita\vendor\codeigniter4\framework\system\CodeIgniter.php(918): App\Controllers\Main->index()
#4 C:\xampp\htdocs\cilujuravita\vendor\codeigniter4\framework\system\CodeIgniter.php(404): CodeIgniter\CodeIgniter->runController(Object(App\Controllers\Main))
#5 C:\xampp\htdocs\cilujuravita\vendor\codeigniter4\framework\system\CodeIgniter.php(312): CodeIgniter\CodeIgniter->handleRequest(NULL, Object(Config\Cache), false)
#6 C:\xampp\htdocs\cilujuravita\public\index.php(45): CodeIgniter\CodeIgniter->run()
#7 C:\xampp\htdocs\cilujuravita\vendor\codeigniter4\framework\system\Commands\Server\rewrite.php(34): require_once('C:\\xampp\\htdocs...')
#8 {main}
CRITICAL - 2020-08-09 22:00:30 --> Invalid file: CadastroController.php
#0 C:\xampp\htdocs\cilujuravita\vendor\codeigniter4\framework\system\View\View.php(228): CodeIgniter\Exceptions\FrameworkException::forInvalidFile('CadastroControl...')
#1 C:\xampp\htdocs\cilujuravita\vendor\codeigniter4\framework\system\Common.php(1119): CodeIgniter\View\View->render('CadastroControl...', Array, true)
#2 C:\xampp\htdocs\cilujuravita\app\Controllers\Main.php(29): view('CadastroControl...')
#3 C:\xampp\htdocs\cilujuravita\vendor\codeigniter4\framework\system\CodeIgniter.php(918): App\Controllers\Main->index()
#4 C:\xampp\htdocs\cilujuravita\vendor\codeigniter4\framework\system\CodeIgniter.php(404): CodeIgniter\CodeIgniter->runController(Object(App\Controllers\Main))
#5 C:\xampp\htdocs\cilujuravita\vendor\codeigniter4\framework\system\CodeIgniter.php(312): CodeIgniter\CodeIgniter->handleRequest(NULL, Object(Config\Cache), false)
#6 C:\xampp\htdocs\cilujuravita\public\index.php(45): CodeIgniter\CodeIgniter->run()
#7 C:\xampp\htdocs\cilujuravita\vendor\codeigniter4\framework\system\Commands\Server\rewrite.php(34): require_once('C:\\xampp\\htdocs...')
#8 {main}
CRITICAL - 2020-08-09 22:00:39 --> Invalid file: CadastroController.php
#0 C:\xampp\htdocs\cilujuravita\vendor\codeigniter4\framework\system\View\View.php(228): CodeIgniter\Exceptions\FrameworkException::forInvalidFile('CadastroControl...')
#1 C:\xampp\htdocs\cilujuravita\vendor\codeigniter4\framework\system\Common.php(1119): CodeIgniter\View\View->render('CadastroControl...', Array, true)
#2 C:\xampp\htdocs\cilujuravita\app\Controllers\Main.php(29): view('CadastroControl...')
#3 C:\xampp\htdocs\cilujuravita\vendor\codeigniter4\framework\system\CodeIgniter.php(918): App\Controllers\Main->index()
#4 C:\xampp\htdocs\cilujuravita\vendor\codeigniter4\framework\system\CodeIgniter.php(404): CodeIgniter\CodeIgniter->runController(Object(App\Controllers\Main))
#5 C:\xampp\htdocs\cilujuravita\vendor\codeigniter4\framework\system\CodeIgniter.php(312): CodeIgniter\CodeIgniter->handleRequest(NULL, Object(Config\Cache), false)
#6 C:\xampp\htdocs\cilujuravita\public\index.php(45): CodeIgniter\CodeIgniter->run()
#7 C:\xampp\htdocs\cilujuravita\vendor\codeigniter4\framework\system\Commands\Server\rewrite.php(34): require_once('C:\\xampp\\htdocs...')
#8 {main}
