CRITICAL - 2020-09-28 13:51:18 --> Invalid file: platform/index.php
#0 C:\xampp\htdocs\localhost\public_html\vendor\codeigniter4\framework\system\View\View.php(228): CodeIgniter\Exceptions\FrameworkException::forInvalidFile('platform/index....')
#1 C:\xampp\htdocs\localhost\public_html\vendor\codeigniter4\framework\system\Common.php(1119): CodeIgniter\View\View->render('platform/index', Array, true)
#2 C:\xampp\htdocs\localhost\public_html\app\Controllers\PlatformController.php(10): view('platform/index')
#3 C:\xampp\htdocs\localhost\public_html\vendor\codeigniter4\framework\system\CodeIgniter.php(918): App\Controllers\PlatformController->index()
#4 C:\xampp\htdocs\localhost\public_html\vendor\codeigniter4\framework\system\CodeIgniter.php(404): CodeIgniter\CodeIgniter->runController(Object(App\Controllers\PlatformController))
#5 C:\xampp\htdocs\localhost\public_html\vendor\codeigniter4\framework\system\CodeIgniter.php(312): CodeIgniter\CodeIgniter->handleRequest(NULL, Object(Config\Cache), false)
#6 C:\xampp\htdocs\localhost\public_html\public\index.php(45): CodeIgniter\CodeIgniter->run()
#7 {main}
CRITICAL - 2020-09-28 13:52:13 --> Invalid file: platform/index.php
#0 C:\xampp\htdocs\localhost\public_html\vendor\codeigniter4\framework\system\View\View.php(228): CodeIgniter\Exceptions\FrameworkException::forInvalidFile('platform/index....')
#1 C:\xampp\htdocs\localhost\public_html\vendor\codeigniter4\framework\system\Common.php(1119): CodeIgniter\View\View->render('platform/index....', Array, true)
#2 C:\xampp\htdocs\localhost\public_html\app\Controllers\PlatformController.php(10): view('platform/index....')
#3 C:\xampp\htdocs\localhost\public_html\vendor\codeigniter4\framework\system\CodeIgniter.php(918): App\Controllers\PlatformController->index()
#4 C:\xampp\htdocs\localhost\public_html\vendor\codeigniter4\framework\system\CodeIgniter.php(404): CodeIgniter\CodeIgniter->runController(Object(App\Controllers\PlatformController))
#5 C:\xampp\htdocs\localhost\public_html\vendor\codeigniter4\framework\system\CodeIgniter.php(312): CodeIgniter\CodeIgniter->handleRequest(NULL, Object(Config\Cache), false)
#6 C:\xampp\htdocs\localhost\public_html\public\index.php(45): CodeIgniter\CodeIgniter->run()
#7 {main}
CRITICAL - 2020-09-28 13:52:14 --> Invalid file: platform/index.php
#0 C:\xampp\htdocs\localhost\public_html\vendor\codeigniter4\framework\system\View\View.php(228): CodeIgniter\Exceptions\FrameworkException::forInvalidFile('platform/index....')
#1 C:\xampp\htdocs\localhost\public_html\vendor\codeigniter4\framework\system\Common.php(1119): CodeIgniter\View\View->render('platform/index....', Array, true)
#2 C:\xampp\htdocs\localhost\public_html\app\Controllers\PlatformController.php(10): view('platform/index....')
#3 C:\xampp\htdocs\localhost\public_html\vendor\codeigniter4\framework\system\CodeIgniter.php(918): App\Controllers\PlatformController->index()
#4 C:\xampp\htdocs\localhost\public_html\vendor\codeigniter4\framework\system\CodeIgniter.php(404): CodeIgniter\CodeIgniter->runController(Object(App\Controllers\PlatformController))
#5 C:\xampp\htdocs\localhost\public_html\vendor\codeigniter4\framework\system\CodeIgniter.php(312): CodeIgniter\CodeIgniter->handleRequest(NULL, Object(Config\Cache), false)
#6 C:\xampp\htdocs\localhost\public_html\public\index.php(45): CodeIgniter\CodeIgniter->run()
#7 {main}
CRITICAL - 2020-09-28 13:53:48 --> Invalid file: platform/index.php
#0 C:\xampp\htdocs\localhost\public_html\vendor\codeigniter4\framework\system\View\View.php(228): CodeIgniter\Exceptions\FrameworkException::forInvalidFile('platform/index....')
#1 C:\xampp\htdocs\localhost\public_html\vendor\codeigniter4\framework\system\Common.php(1119): CodeIgniter\View\View->render('platform/index', Array, true)
#2 C:\xampp\htdocs\localhost\public_html\app\Controllers\PlatformController.php(10): view('platform/index')
#3 C:\xampp\htdocs\localhost\public_html\vendor\codeigniter4\framework\system\CodeIgniter.php(918): App\Controllers\PlatformController->index()
#4 C:\xampp\htdocs\localhost\public_html\vendor\codeigniter4\framework\system\CodeIgniter.php(404): CodeIgniter\CodeIgniter->runController(Object(App\Controllers\PlatformController))
#5 C:\xampp\htdocs\localhost\public_html\vendor\codeigniter4\framework\system\CodeIgniter.php(312): CodeIgniter\CodeIgniter->handleRequest(NULL, Object(Config\Cache), false)
#6 C:\xampp\htdocs\localhost\public_html\public\index.php(45): CodeIgniter\CodeIgniter->run()
#7 {main}
CRITICAL - 2020-09-28 14:46:57 --> Undefined property: App\Controllers\PlatformController::$data
#0 C:\xampp\htdocs\localhost\public_html\app\Controllers\PlatformController.php(8): CodeIgniter\Debug\Exceptions->errorHandler(8, 'Undefined prope...', 'C:\\xampp\\htdocs...', 8, Array)
#1 C:\xampp\htdocs\localhost\public_html\vendor\codeigniter4\framework\system\CodeIgniter.php(890): App\Controllers\PlatformController->__construct()
#2 C:\xampp\htdocs\localhost\public_html\vendor\codeigniter4\framework\system\CodeIgniter.php(399): CodeIgniter\CodeIgniter->createController()
#3 C:\xampp\htdocs\localhost\public_html\vendor\codeigniter4\framework\system\CodeIgniter.php(312): CodeIgniter\CodeIgniter->handleRequest(NULL, Object(Config\Cache), false)
#4 C:\xampp\htdocs\localhost\public_html\public\index.php(45): CodeIgniter\CodeIgniter->run()
#5 {main}
